# JRE version: Java(TM) SE Runtime Environment (11.0.1+13) (build 11.0.1+13-LTS)
# Java VM: Java HotSpot(TM) 64-Bit Server VM (11.0.1+13-LTS, mixed mode, tiered, compressed oops, g1 gc, windows-amd64)
Heap:
 garbage-first heap   total 94208K, used 60416K [0x00000000c0000000, 0x0000000100000000)
  region size 1024K, 23 young (23552K), 4 survivors (4096K)
 Metaspace       used 50628K, capacity 52945K, committed 53148K, reserved 1095680K
  class space    used 5172K, capacity 6035K, committed 6144K, reserved 1048576K
GC Heap History (10 events):
Event: 186.074 GC heap before
{Heap before GC invocations=11 (full 0):
 garbage-first heap   total 94208K, used 64892K [0x00000000c0000000, 0x0000000100000000)
  region size 1024K, 45 young (46080K), 4 survivors (4096K)
 Metaspace       used 46970K, capacity 49415K, committed 49692K, reserved 1093632K
  class space    used 4774K, capacity 5634K, committed 5760K, reserved 1048576K
}
Event: 186.097 GC heap after
{Heap after GC invocations=12 (full 0):
 garbage-first heap   total 94208K, used 27399K [0x00000000c0000000, 0x0000000100000000)
  region size 1024K, 5 young (5120K), 5 survivors (5120K)
 Metaspace       used 46970K, capacity 49415K, committed 49692K, reserved 1093632K
  class space    used 4774K, capacity 5634K, committed 5760K, reserved 1048576K
}
Event: 186.550 GC heap before
{Heap before GC invocations=12 (full 0):
 garbage-first heap   total 94208K, used 67335K [0x00000000c0000000, 0x0000000100000000)
  region size 1024K, 44 young (45056K), 5 survivors (5120K)
 Metaspace       used 47082K, capacity 49480K, committed 49692K, reserved 1093632K
  class space    used 4783K, capacity 5634K, committed 5760K, reserved 1048576K
}
Event: 186.573 GC heap after
{Heap after GC invocations=13 (full 0):
 garbage-first heap   total 94208K, used 30831K [0x00000000c0000000, 0x0000000100000000)
  region size 1024K, 4 young (4096K), 4 survivors (4096K)
 Metaspace       used 47082K, capacity 49480K, committed 49692K, reserved 1093632K
  class space    used 4783K, capacity 5634K, committed 5760K, reserved 1048576K
}
Event: 187.488 GC heap before
{Heap before GC invocations=13 (full 0):
 garbage-first heap   total 94208K, used 71791K [0x00000000c0000000, 0x0000000100000000)
  region size 1024K, 43 young (44032K), 4 survivors (4096K)
 Metaspace       used 47303K, capacity 49672K, committed 49948K, reserved 1093632K
  class space    used 4804K, capacity 5634K, committed 5760K, reserved 1048576K
}
Event: 187.512 GC heap after
{Heap after GC invocations=14 (full 0):
 garbage-first heap   total 94208K, used 35495K [0x00000000c0000000, 0x0000000100000000)
  region size 1024K, 4 young (4096K), 4 survivors (4096K)
 Metaspace       used 47303K, capacity 49672K, committed 49948K, reserved 1093632K
  class space    used 4804K, capacity 5634K, committed 5760K, reserved 1048576K
}
Event: 187.756 GC heap before
{Heap before GC invocations=14 (full 0):
 garbage-first heap   total 94208K, used 72359K [0x00000000c0000000, 0x0000000100000000)
  region size 1024K, 40 young (40960K), 4 survivors (4096K)
 Metaspace       used 47361K, capacity 49736K, committed 49948K, reserved 1093632K
  class space    used 4811K, capacity 5634K, committed 5760K, reserved 1048576K
}
Event: 187.781 GC heap after
{Heap after GC invocations=15 (full 0):
 garbage-first heap   total 94208K, used 39383K [0x00000000c0000000, 0x0000000100000000)
  region size 1024K, 4 young (4096K), 4 survivors (4096K)
 Metaspace       used 47361K, capacity 49736K, committed 49948K, reserved 1093632K
  class space    used 4811K, capacity 5634K, committed 5760K, reserved 1048576K
}
Event: 194.938 GC heap before
{Heap before GC invocations=15 (full 0):
 garbage-first heap   total 94208K, used 73175K [0x00000000c0000000, 0x0000000100000000)
  region size 1024K, 38 young (38912K), 4 survivors (4096K)
 Metaspace       used 49534K, capacity 51923K, committed 52252K, reserved 1095680K
  class space    used 5055K, capacity 5927K, committed 6016K, reserved 1048576K
}
Event: 194.964 GC heap after
{Heap after GC invocations=16 (full 0):
 garbage-first heap   total 94208K, used 43008K [0x00000000c0000000, 0x0000000100000000)
  region size 1024K, 4 young (4096K), 4 survivors (4096K)
 Metaspace       used 49534K, capacity 51923K, committed 52252K, reserved 1095680K
  class space    used 5055K, capacity 5927K, committed 6016K, reserved 1048576K
}

